<?xml version="1.0" encoding="UTF-8"?>
<!-- Generated by org.testng.reporters.JUnitReportReporter -->
<testsuite hostname="DESKTOP-R7D318I" failures="0" tests="1" name="extentReports.AddScreenshotToReport" time="51.371" errors="0" timestamp="2025-01-22T11:39:49 IST" skipped="0">
  <testcase classname="extentReports.AddScreenshotToReport" name="addScreenshot" time="51.371"/>
  <system-out/>
</testsuite> <!-- extentReports.AddScreenshotToReport -->
