<?xml version="1.0" encoding="UTF-8"?>
<!-- Generated by org.testng.reporters.JUnitReportReporter -->
<testsuite hostname="DESKTOP-R7D318I" failures="0" tests="1" name="demo.Sample" time="0.042" errors="0" timestamp="2025-01-19T20:16:44 IST" skipped="0">
  <testcase classname="demo.Sample" name="launch" time="0.042"/>
  <system-out>
    <![CDATA[Sample clas executed]]>
  </system-out>
</testsuite> <!-- demo.Sample -->
