<?xml version="1.0" encoding="UTF-8"?>
<!-- Generated by org.testng.reporters.JUnitReportReporter -->
<testsuite hostname="DESKTOP-R7D318I" failures="0" tests="1" name="extentReports.LearnExtentReport" time="2.684" errors="0" timestamp="2025-01-22T11:17:38 IST" skipped="0">
  <testcase classname="extentReports.LearnExtentReport" name="createReport" time="2.684"/>
  <system-out/>
</testsuite> <!-- extentReports.LearnExtentReport -->
